{"total": {"lines":{"total":6740,"covered":860,"skipped":0,"pct":12.75},"statements":{"total":6740,"covered":860,"skipped":0,"pct":12.75},"functions":{"total":127,"covered":99,"skipped":0,"pct":77.95},"branches":{"total":250,"covered":179,"skipped":0,"pct":71.6},"branchesTrue":{"total":0,"covered":0,"skipped":0,"pct":100}}
,"C:\\Gridiron-TS\\Gridiron\\gridiron_full_game\\src\\ai\\CoachProfiles.ts": {"lines":{"total":53,"covered":0,"skipped":0,"pct":0},"functions":{"total":1,"covered":1,"skipped":0,"pct":100},"statements":{"total":53,"covered":0,"skipped":0,"pct":0},"branches":{"total":1,"covered":1,"skipped":0,"pct":100}}
,"C:\\Gridiron-TS\\Gridiron\\gridiron_full_game\\src\\ai\\OpponentModel.ts": {"lines":{"total":144,"covered":0,"skipped":0,"pct":0},"functions":{"total":1,"covered":1,"skipped":0,"pct":100},"statements":{"total":144,"covered":0,"skipped":0,"pct":0},"branches":{"total":1,"covered":1,"skipped":0,"pct":100}}
,"C:\\Gridiron-TS\\Gridiron\\gridiron_full_game\\src\\ai\\PATDecision.ts": {"lines":{"total":14,"covered":0,"skipped":0,"pct":0},"functions":{"total":1,"covered":1,"skipped":0,"pct":100},"statements":{"total":14,"covered":0,"skipped":0,"pct":0},"branches":{"total":1,"covered":1,"skipped":0,"pct":100}}
,"C:\\Gridiron-TS\\Gridiron\\gridiron_full_game\\src\\ai\\PlayCaller.ts": {"lines":{"total":226,"covered":0,"skipped":0,"pct":0},"functions":{"total":1,"covered":1,"skipped":0,"pct":100},"statements":{"total":226,"covered":0,"skipped":0,"pct":0},"branches":{"total":1,"covered":1,"skipped":0,"pct":100}}
,"C:\\Gridiron-TS\\Gridiron\\gridiron_full_game\\src\\ai\\Playcall.ts": {"lines":{"total":5,"covered":0,"skipped":0,"pct":0},"functions":{"total":1,"covered":0,"skipped":0,"pct":0},"statements":{"total":5,"covered":0,"skipped":0,"pct":0},"branches":{"total":1,"covered":0,"skipped":0,"pct":0}}
,"C:\\Gridiron-TS\\Gridiron\\gridiron_full_game\\src\\ai\\index.ts": {"lines":{"total":9,"covered":0,"skipped":0,"pct":0},"functions":{"total":1,"covered":1,"skipped":0,"pct":100},"statements":{"total":9,"covered":0,"skipped":0,"pct":0},"branches":{"total":1,"covered":1,"skipped":0,"pct":100}}
,"C:\\Gridiron-TS\\Gridiron\\gridiron_full_game\\src\\ai\\types.ts": {"lines":{"total":0,"covered":0,"skipped":0,"pct":0},"functions":{"total":1,"covered":1,"skipped":0,"pct":0},"statements":{"total":0,"covered":0,"skipped":0,"pct":0},"branches":{"total":1,"covered":1,"skipped":0,"pct":0}}
,"C:\\Gridiron-TS\\Gridiron\\gridiron_full_game\\src\\ai\\decisions\\defense.ts": {"lines":{"total":73,"covered":0,"skipped":0,"pct":0},"functions":{"total":1,"covered":1,"skipped":0,"pct":100},"statements":{"total":73,"covered":0,"skipped":0,"pct":0},"branches":{"total":1,"covered":1,"skipped":0,"pct":100}}
,"C:\\Gridiron-TS\\Gridiron\\gridiron_full_game\\src\\ai\\decisions\\fourthDown.ts": {"lines":{"total":72,"covered":0,"skipped":0,"pct":0},"functions":{"total":1,"covered":1,"skipped":0,"pct":100},"statements":{"total":72,"covered":0,"skipped":0,"pct":0},"branches":{"total":1,"covered":1,"skipped":0,"pct":100}}
,"C:\\Gridiron-TS\\Gridiron\\gridiron_full_game\\src\\ai\\decisions\\kickoff.ts": {"lines":{"total":14,"covered":0,"skipped":0,"pct":0},"functions":{"total":1,"covered":1,"skipped":0,"pct":100},"statements":{"total":14,"covered":0,"skipped":0,"pct":0},"branches":{"total":1,"covered":1,"skipped":0,"pct":100}}
,"C:\\Gridiron-TS\\Gridiron\\gridiron_full_game\\src\\ai\\decisions\\offense.ts": {"lines":{"total":76,"covered":0,"skipped":0,"pct":0},"functions":{"total":1,"covered":1,"skipped":0,"pct":100},"statements":{"total":76,"covered":0,"skipped":0,"pct":0},"branches":{"total":1,"covered":1,"skipped":0,"pct":100}}
,"C:\\Gridiron-TS\\Gridiron\\gridiron_full_game\\src\\ai\\decisions\\shared.ts": {"lines":{"total":166,"covered":0,"skipped":0,"pct":0},"functions":{"total":1,"covered":1,"skipped":0,"pct":100},"statements":{"total":166,"covered":0,"skipped":0,"pct":0},"branches":{"total":1,"covered":1,"skipped":0,"pct":100}}
,"C:\\Gridiron-TS\\Gridiron\\gridiron_full_game\\src\\ai\\dice\\DecisionValidator.ts": {"lines":{"total":312,"covered":0,"skipped":0,"pct":0},"functions":{"total":1,"covered":1,"skipped":0,"pct":100},"statements":{"total":312,"covered":0,"skipped":0,"pct":0},"branches":{"total":1,"covered":1,"skipped":0,"pct":100}}
,"C:\\Gridiron-TS\\Gridiron\\gridiron_full_game\\src\\ai\\dice\\EVCalculator.ts": {"lines":{"total":178,"covered":0,"skipped":0,"pct":0},"functions":{"total":1,"covered":0,"skipped":0,"pct":0},"statements":{"total":178,"covered":0,"skipped":0,"pct":0},"branches":{"total":1,"covered":0,"skipped":0,"pct":0}}
,"C:\\Gridiron-TS\\Gridiron\\gridiron_full_game\\src\\ai\\dice\\PenaltyAdvisor.ts": {"lines":{"total":104,"covered":0,"skipped":0,"pct":0},"functions":{"total":1,"covered":1,"skipped":0,"pct":100},"statements":{"total":104,"covered":0,"skipped":0,"pct":0},"branches":{"total":1,"covered":1,"skipped":0,"pct":100}}
,"C:\\Gridiron-TS\\Gridiron\\gridiron_full_game\\src\\ai\\dice\\PlaybookCoach.ts": {"lines":{"total":323,"covered":0,"skipped":0,"pct":0},"functions":{"total":1,"covered":1,"skipped":0,"pct":100},"statements":{"total":323,"covered":0,"skipped":0,"pct":0},"branches":{"total":1,"covered":1,"skipped":0,"pct":100}}
,"C:\\Gridiron-TS\\Gridiron\\gridiron_full_game\\src\\ai\\dice\\TendencyTracker.ts": {"lines":{"total":227,"covered":0,"skipped":0,"pct":0},"functions":{"total":1,"covered":1,"skipped":0,"pct":100},"statements":{"total":227,"covered":0,"skipped":0,"pct":0},"branches":{"total":1,"covered":1,"skipped":0,"pct":100}}
,"C:\\Gridiron-TS\\Gridiron\\gridiron_full_game\\src\\ai\\policy\\NFL2025Policy.ts": {"lines":{"total":138,"covered":0,"skipped":0,"pct":0},"functions":{"total":1,"covered":1,"skipped":0,"pct":100},"statements":{"total":138,"covered":0,"skipped":0,"pct":0},"branches":{"total":1,"covered":1,"skipped":0,"pct":100}}
,"C:\\Gridiron-TS\\Gridiron\\gridiron_full_game\\src\\ai\\tendencies\\PlayerTendenciesMemory.ts": {"lines":{"total":41,"covered":0,"skipped":0,"pct":0},"functions":{"total":1,"covered":1,"skipped":0,"pct":100},"statements":{"total":41,"covered":0,"skipped":0,"pct":0},"branches":{"total":1,"covered":1,"skipped":0,"pct":100}}
,"C:\\Gridiron-TS\\Gridiron\\gridiron_full_game\\src\\data\\loaders\\JsonLoader.ts": {"lines":{"total":9,"covered":0,"skipped":0,"pct":0},"functions":{"total":1,"covered":0,"skipped":0,"pct":0},"statements":{"total":9,"covered":0,"skipped":0,"pct":0},"branches":{"total":1,"covered":0,"skipped":0,"pct":0}}
,"C:\\Gridiron-TS\\Gridiron\\gridiron_full_game\\src\\data\\loaders\\Result.ts": {"lines":{"total":0,"covered":0,"skipped":0,"pct":0},"functions":{"total":1,"covered":1,"skipped":0,"pct":0},"statements":{"total":0,"covered":0,"skipped":0,"pct":0},"branches":{"total":1,"covered":1,"skipped":0,"pct":0}}
,"C:\\Gridiron-TS\\Gridiron\\gridiron_full_game\\src\\data\\loaders\\compat.ts": {"lines":{"total":36,"covered":0,"skipped":0,"pct":0},"functions":{"total":1,"covered":1,"skipped":0,"pct":100},"statements":{"total":36,"covered":0,"skipped":0,"pct":0},"branches":{"total":1,"covered":1,"skipped":0,"pct":100}}
,"C:\\Gridiron-TS\\Gridiron\\gridiron_full_game\\src\\data\\loaders\\http.ts": {"lines":{"total":22,"covered":0,"skipped":0,"pct":0},"functions":{"total":1,"covered":1,"skipped":0,"pct":100},"statements":{"total":22,"covered":0,"skipped":0,"pct":0},"branches":{"total":1,"covered":1,"skipped":0,"pct":100}}
,"C:\\Gridiron-TS\\Gridiron\\gridiron_full_game\\src\\data\\loaders\\longGain.ts": {"lines":{"total":16,"covered":0,"skipped":0,"pct":0},"functions":{"total":1,"covered":1,"skipped":0,"pct":100},"statements":{"total":16,"covered":0,"skipped":0,"pct":0},"branches":{"total":1,"covered":1,"skipped":0,"pct":100}}
,"C:\\Gridiron-TS\\Gridiron\\gridiron_full_game\\src\\data\\loaders\\matchupTables.ts": {"lines":{"total":25,"covered":0,"skipped":0,"pct":0},"functions":{"total":1,"covered":0,"skipped":0,"pct":0},"statements":{"total":25,"covered":0,"skipped":0,"pct":0},"branches":{"total":1,"covered":0,"skipped":0,"pct":0}}
,"C:\\Gridiron-TS\\Gridiron\\gridiron_full_game\\src\\data\\loaders\\offenseCharts.ts": {"lines":{"total":16,"covered":0,"skipped":0,"pct":0},"functions":{"total":1,"covered":0,"skipped":0,"pct":0},"statements":{"total":16,"covered":0,"skipped":0,"pct":0},"branches":{"total":1,"covered":0,"skipped":0,"pct":0}}
,"C:\\Gridiron-TS\\Gridiron\\gridiron_full_game\\src\\data\\loaders\\penaltyTables.ts": {"lines":{"total":24,"covered":0,"skipped":0,"pct":0},"functions":{"total":1,"covered":0,"skipped":0,"pct":0},"statements":{"total":24,"covered":0,"skipped":0,"pct":0},"branches":{"total":1,"covered":0,"skipped":0,"pct":0}}
,"C:\\Gridiron-TS\\Gridiron\\gridiron_full_game\\src\\data\\loaders\\placeKicking.ts": {"lines":{"total":17,"covered":0,"skipped":0,"pct":0},"functions":{"total":1,"covered":0,"skipped":0,"pct":0},"statements":{"total":17,"covered":0,"skipped":0,"pct":0},"branches":{"total":1,"covered":0,"skipped":0,"pct":0}}
,"C:\\Gridiron-TS\\Gridiron\\gridiron_full_game\\src\\data\\loaders\\tables.ts": {"lines":{"total":8,"covered":0,"skipped":0,"pct":0},"functions":{"total":1,"covered":1,"skipped":0,"pct":100},"statements":{"total":8,"covered":0,"skipped":0,"pct":0},"branches":{"total":1,"covered":1,"skipped":0,"pct":100}}
,"C:\\Gridiron-TS\\Gridiron\\gridiron_full_game\\src\\data\\loaders\\timeKeeping.ts": {"lines":{"total":17,"covered":0,"skipped":0,"pct":0},"functions":{"total":1,"covered":0,"skipped":0,"pct":0},"statements":{"total":17,"covered":0,"skipped":0,"pct":0},"branches":{"total":1,"covered":0,"skipped":0,"pct":0}}
,"C:\\Gridiron-TS\\Gridiron\\gridiron_full_game\\src\\data\\schemas\\MatchupTable.ts": {"lines":{"total":153,"covered":0,"skipped":0,"pct":0},"functions":{"total":1,"covered":0,"skipped":0,"pct":0},"statements":{"total":153,"covered":0,"skipped":0,"pct":0},"branches":{"total":1,"covered":0,"skipped":0,"pct":0}}
,"C:\\Gridiron-TS\\Gridiron\\gridiron_full_game\\src\\data\\schemas\\OffenseCharts.ts": {"lines":{"total":11,"covered":11,"skipped":0,"pct":100},"functions":{"total":0,"covered":0,"skipped":0,"pct":100},"statements":{"total":11,"covered":11,"skipped":0,"pct":100},"branches":{"total":0,"covered":0,"skipped":0,"pct":100}}
,"C:\\Gridiron-TS\\Gridiron\\gridiron_full_game\\src\\data\\schemas\\PlaceKicking.ts": {"lines":{"total":10,"covered":0,"skipped":0,"pct":0},"functions":{"total":1,"covered":0,"skipped":0,"pct":0},"statements":{"total":10,"covered":0,"skipped":0,"pct":0},"branches":{"total":1,"covered":0,"skipped":0,"pct":0}}
,"C:\\Gridiron-TS\\Gridiron\\gridiron_full_game\\src\\data\\schemas\\Timekeeping.ts": {"lines":{"total":25,"covered":0,"skipped":0,"pct":0},"functions":{"total":1,"covered":0,"skipped":0,"pct":0},"statements":{"total":25,"covered":0,"skipped":0,"pct":0},"branches":{"total":1,"covered":0,"skipped":0,"pct":0}}
,"C:\\Gridiron-TS\\Gridiron\\gridiron_full_game\\src\\data\\schemas\\validators.ts": {"lines":{"total":67,"covered":0,"skipped":0,"pct":0},"functions":{"total":1,"covered":1,"skipped":0,"pct":100},"statements":{"total":67,"covered":0,"skipped":0,"pct":0},"branches":{"total":1,"covered":1,"skipped":0,"pct":100}}
,"C:\\Gridiron-TS\\Gridiron\\gridiron_full_game\\src\\deck\\Dealer.ts": {"lines":{"total":77,"covered":0,"skipped":0,"pct":0},"functions":{"total":1,"covered":1,"skipped":0,"pct":100},"statements":{"total":77,"covered":0,"skipped":0,"pct":0},"branches":{"total":1,"covered":1,"skipped":0,"pct":100}}
,"C:\\Gridiron-TS\\Gridiron\\gridiron_full_game\\src\\deck\\HandBus.ts": {"lines":{"total":7,"covered":0,"skipped":0,"pct":0},"functions":{"total":1,"covered":0,"skipped":0,"pct":0},"statements":{"total":7,"covered":0,"skipped":0,"pct":0},"branches":{"total":1,"covered":0,"skipped":0,"pct":0}}
,"C:\\Gridiron-TS\\Gridiron\\gridiron_full_game\\src\\domain\\GameState.ts": {"lines":{"total":14,"covered":0,"skipped":0,"pct":0},"functions":{"total":1,"covered":1,"skipped":0,"pct":100},"statements":{"total":14,"covered":0,"skipped":0,"pct":0},"branches":{"total":1,"covered":1,"skipped":0,"pct":100}}
,"C:\\Gridiron-TS\\Gridiron\\gridiron_full_game\\src\\flow\\GameFlow.ts": {"lines":{"total":25,"covered":0,"skipped":0,"pct":0},"functions":{"total":1,"covered":1,"skipped":0,"pct":100},"statements":{"total":25,"covered":0,"skipped":0,"pct":0},"branches":{"total":1,"covered":1,"skipped":0,"pct":100}}
,"C:\\Gridiron-TS\\Gridiron\\gridiron_full_game\\src\\flow\\HudPayload.ts": {"lines":{"total":11,"covered":0,"skipped":0,"pct":0},"functions":{"total":1,"covered":1,"skipped":0,"pct":100},"statements":{"total":11,"covered":0,"skipped":0,"pct":0},"branches":{"total":1,"covered":1,"skipped":0,"pct":100}}
,"C:\\Gridiron-TS\\Gridiron\\gridiron_full_game\\src\\flow\\types.ts": {"lines":{"total":0,"covered":0,"skipped":0,"pct":0},"functions":{"total":1,"covered":1,"skipped":0,"pct":0},"statements":{"total":0,"covered":0,"skipped":0,"pct":0},"branches":{"total":1,"covered":1,"skipped":0,"pct":0}}
,"C:\\Gridiron-TS\\Gridiron\\gridiron_full_game\\src\\flow\\core\\GameFlowCore.ts": {"lines":{"total":310,"covered":0,"skipped":0,"pct":0},"functions":{"total":1,"covered":1,"skipped":0,"pct":100},"statements":{"total":310,"covered":0,"skipped":0,"pct":0},"branches":{"total":1,"covered":1,"skipped":0,"pct":100}}
,"C:\\Gridiron-TS\\Gridiron\\gridiron_full_game\\src\\flow\\drive\\DriveTracker.ts": {"lines":{"total":102,"covered":0,"skipped":0,"pct":0},"functions":{"total":1,"covered":1,"skipped":0,"pct":100},"statements":{"total":102,"covered":0,"skipped":0,"pct":0},"branches":{"total":1,"covered":1,"skipped":0,"pct":100}}
,"C:\\Gridiron-TS\\Gridiron\\gridiron_full_game\\src\\flow\\formatting\\GameFlowFormatting.ts": {"lines":{"total":30,"covered":0,"skipped":0,"pct":0},"functions":{"total":1,"covered":1,"skipped":0,"pct":100},"statements":{"total":30,"covered":0,"skipped":0,"pct":0},"branches":{"total":1,"covered":1,"skipped":0,"pct":100}}
,"C:\\Gridiron-TS\\Gridiron\\gridiron_full_game\\src\\flow\\narration\\Broadcast.ts": {"lines":{"total":137,"covered":0,"skipped":0,"pct":0},"functions":{"total":1,"covered":1,"skipped":0,"pct":100},"statements":{"total":137,"covered":0,"skipped":0,"pct":0},"branches":{"total":1,"covered":1,"skipped":0,"pct":100}}
,"C:\\Gridiron-TS\\Gridiron\\gridiron_full_game\\src\\flow\\narration\\Summary.ts": {"lines":{"total":147,"covered":0,"skipped":0,"pct":0},"functions":{"total":1,"covered":1,"skipped":0,"pct":100},"statements":{"total":147,"covered":0,"skipped":0,"pct":0},"branches":{"total":1,"covered":1,"skipped":0,"pct":100}}
,"C:\\Gridiron-TS\\Gridiron\\gridiron_full_game\\src\\flow\\penalties\\PenaltyFlow.ts": {"lines":{"total":44,"covered":0,"skipped":0,"pct":0},"functions":{"total":1,"covered":1,"skipped":0,"pct":100},"statements":{"total":44,"covered":0,"skipped":0,"pct":0},"branches":{"total":1,"covered":1,"skipped":0,"pct":100}}
,"C:\\Gridiron-TS\\Gridiron\\gridiron_full_game\\src\\flow\\scoring\\Scoring.ts": {"lines":{"total":76,"covered":0,"skipped":0,"pct":0},"functions":{"total":1,"covered":1,"skipped":0,"pct":100},"statements":{"total":76,"covered":0,"skipped":0,"pct":0},"branches":{"total":1,"covered":1,"skipped":0,"pct":100}}
,"C:\\Gridiron-TS\\Gridiron\\gridiron_full_game\\src\\flow\\special\\Safety.ts": {"lines":{"total":32,"covered":0,"skipped":0,"pct":0},"functions":{"total":1,"covered":1,"skipped":0,"pct":100},"statements":{"total":32,"covered":0,"skipped":0,"pct":0},"branches":{"total":1,"covered":1,"skipped":0,"pct":100}}
,"C:\\Gridiron-TS\\Gridiron\\gridiron_full_game\\src\\flow\\special\\SpecialTeamsFlow.ts": {"lines":{"total":93,"covered":0,"skipped":0,"pct":0},"functions":{"total":1,"covered":1,"skipped":0,"pct":100},"statements":{"total":93,"covered":0,"skipped":0,"pct":0},"branches":{"total":1,"covered":1,"skipped":0,"pct":100}}
,"C:\\Gridiron-TS\\Gridiron\\gridiron_full_game\\src\\flow\\time\\TimeManagement.ts": {"lines":{"total":67,"covered":0,"skipped":0,"pct":0},"functions":{"total":1,"covered":1,"skipped":0,"pct":100},"statements":{"total":67,"covered":0,"skipped":0,"pct":0},"branches":{"total":1,"covered":1,"skipped":0,"pct":100}}
,"C:\\Gridiron-TS\\Gridiron\\gridiron_full_game\\src\\flow\\utils\\GameFlowUtils.ts": {"lines":{"total":40,"covered":0,"skipped":0,"pct":0},"functions":{"total":1,"covered":1,"skipped":0,"pct":100},"statements":{"total":40,"covered":0,"skipped":0,"pct":0},"branches":{"total":1,"covered":1,"skipped":0,"pct":100}}
,"C:\\Gridiron-TS\\Gridiron\\gridiron_full_game\\src\\rules\\Charts.ts": {"lines":{"total":78,"covered":62,"skipped":0,"pct":79.48},"functions":{"total":3,"covered":3,"skipped":0,"pct":100},"statements":{"total":78,"covered":62,"skipped":0,"pct":79.48},"branches":{"total":12,"covered":3,"skipped":0,"pct":25}}
,"C:\\Gridiron-TS\\Gridiron\\gridiron_full_game\\src\\rules\\DiceOutcome.ts": {"lines":{"total":37,"covered":0,"skipped":0,"pct":0},"functions":{"total":1,"covered":1,"skipped":0,"pct":100},"statements":{"total":37,"covered":0,"skipped":0,"pct":0},"branches":{"total":1,"covered":1,"skipped":0,"pct":100}}
,"C:\\Gridiron-TS\\Gridiron\\gridiron_full_game\\src\\rules\\LongGain.ts": {"lines":{"total":39,"covered":11,"skipped":0,"pct":28.2},"functions":{"total":3,"covered":0,"skipped":0,"pct":0},"statements":{"total":39,"covered":11,"skipped":0,"pct":28.2},"branches":{"total":0,"covered":0,"skipped":0,"pct":100}}
,"C:\\Gridiron-TS\\Gridiron\\gridiron_full_game\\src\\rules\\Penalties.ts": {"lines":{"total":8,"covered":0,"skipped":0,"pct":0},"functions":{"total":1,"covered":1,"skipped":0,"pct":100},"statements":{"total":8,"covered":0,"skipped":0,"pct":0},"branches":{"total":1,"covered":1,"skipped":0,"pct":100}}
,"C:\\Gridiron-TS\\Gridiron\\gridiron_full_game\\src\\rules\\PenaltyAdmin.ts": {"lines":{"total":97,"covered":0,"skipped":0,"pct":0},"functions":{"total":1,"covered":1,"skipped":0,"pct":100},"statements":{"total":97,"covered":0,"skipped":0,"pct":0},"branches":{"total":1,"covered":1,"skipped":0,"pct":100}}
,"C:\\Gridiron-TS\\Gridiron\\gridiron_full_game\\src\\rules\\PenaltyResolver.ts": {"lines":{"total":70,"covered":0,"skipped":0,"pct":0},"functions":{"total":1,"covered":1,"skipped":0,"pct":100},"statements":{"total":70,"covered":0,"skipped":0,"pct":0},"branches":{"total":1,"covered":1,"skipped":0,"pct":100}}
,"C:\\Gridiron-TS\\Gridiron\\gridiron_full_game\\src\\rules\\PlayValidation.ts": {"lines":{"total":44,"covered":0,"skipped":0,"pct":0},"functions":{"total":1,"covered":1,"skipped":0,"pct":100},"statements":{"total":44,"covered":0,"skipped":0,"pct":0},"branches":{"total":1,"covered":1,"skipped":0,"pct":100}}
,"C:\\Gridiron-TS\\Gridiron\\gridiron_full_game\\src\\rules\\ResolvePlay.ts": {"lines":{"total":3,"covered":0,"skipped":0,"pct":0},"functions":{"total":1,"covered":1,"skipped":0,"pct":100},"statements":{"total":3,"covered":0,"skipped":0,"pct":0},"branches":{"total":1,"covered":1,"skipped":0,"pct":100}}
,"C:\\Gridiron-TS\\Gridiron\\gridiron_full_game\\src\\rules\\ResolvePlayCore.ts": {"lines":{"total":171,"covered":0,"skipped":0,"pct":0},"functions":{"total":1,"covered":1,"skipped":0,"pct":100},"statements":{"total":171,"covered":0,"skipped":0,"pct":0},"branches":{"total":1,"covered":1,"skipped":0,"pct":100}}
,"C:\\Gridiron-TS\\Gridiron\\gridiron_full_game\\src\\rules\\ResolveSnap.ts": {"lines":{"total":174,"covered":0,"skipped":0,"pct":0},"functions":{"total":1,"covered":1,"skipped":0,"pct":100},"statements":{"total":174,"covered":0,"skipped":0,"pct":0},"branches":{"total":1,"covered":1,"skipped":0,"pct":100}}
,"C:\\Gridiron-TS\\Gridiron\\gridiron_full_game\\src\\rules\\ResultParsing.ts": {"lines":{"total":92,"covered":36,"skipped":0,"pct":39.13},"functions":{"total":3,"covered":1,"skipped":0,"pct":33.33},"statements":{"total":92,"covered":36,"skipped":0,"pct":39.13},"branches":{"total":10,"covered":1,"skipped":0,"pct":10}}
,"C:\\Gridiron-TS\\Gridiron\\gridiron_full_game\\src\\rules\\Spots.ts": {"lines":{"total":30,"covered":0,"skipped":0,"pct":0},"functions":{"total":1,"covered":1,"skipped":0,"pct":100},"statements":{"total":30,"covered":0,"skipped":0,"pct":0},"branches":{"total":1,"covered":1,"skipped":0,"pct":100}}
,"C:\\Gridiron-TS\\Gridiron\\gridiron_full_game\\src\\rules\\Timekeeping.ts": {"lines":{"total":12,"covered":0,"skipped":0,"pct":0},"functions":{"total":1,"covered":0,"skipped":0,"pct":0},"statements":{"total":12,"covered":0,"skipped":0,"pct":0},"branches":{"total":1,"covered":0,"skipped":0,"pct":0}}
,"C:\\Gridiron-TS\\Gridiron\\gridiron_full_game\\src\\rules\\index.ts": {"lines":{"total":3,"covered":0,"skipped":0,"pct":0},"functions":{"total":1,"covered":1,"skipped":0,"pct":100},"statements":{"total":3,"covered":0,"skipped":0,"pct":0},"branches":{"total":1,"covered":1,"skipped":0,"pct":100}}
,"C:\\Gridiron-TS\\Gridiron\\gridiron_full_game\\src\\rules\\special\\Kickoff.ts": {"lines":{"total":60,"covered":0,"skipped":0,"pct":0},"functions":{"total":1,"covered":0,"skipped":0,"pct":0},"statements":{"total":60,"covered":0,"skipped":0,"pct":0},"branches":{"total":1,"covered":0,"skipped":0,"pct":0}}
,"C:\\Gridiron-TS\\Gridiron\\gridiron_full_game\\src\\rules\\special\\PlaceKicking.ts": {"lines":{"total":33,"covered":0,"skipped":0,"pct":0},"functions":{"total":1,"covered":1,"skipped":0,"pct":100},"statements":{"total":33,"covered":0,"skipped":0,"pct":0},"branches":{"total":1,"covered":1,"skipped":0,"pct":100}}
,"C:\\Gridiron-TS\\Gridiron\\gridiron_full_game\\src\\rules\\special\\Punt.ts": {"lines":{"total":50,"covered":0,"skipped":0,"pct":0},"functions":{"total":1,"covered":1,"skipped":0,"pct":100},"statements":{"total":50,"covered":0,"skipped":0,"pct":0},"branches":{"total":1,"covered":1,"skipped":0,"pct":100}}
,"C:\\Gridiron-TS\\Gridiron\\gridiron_full_game\\src\\sim\\LogFormat.ts": {"lines":{"total":34,"covered":0,"skipped":0,"pct":0},"functions":{"total":1,"covered":1,"skipped":0,"pct":100},"statements":{"total":34,"covered":0,"skipped":0,"pct":0},"branches":{"total":1,"covered":1,"skipped":0,"pct":100}}
,"C:\\Gridiron-TS\\Gridiron\\gridiron_full_game\\src\\sim\\RNG.ts": {"lines":{"total":11,"covered":9,"skipped":0,"pct":81.81},"functions":{"total":3,"covered":2,"skipped":0,"pct":66.66},"statements":{"total":11,"covered":9,"skipped":0,"pct":81.81},"branches":{"total":3,"covered":2,"skipped":0,"pct":66.66}}
,"C:\\Gridiron-TS\\Gridiron\\gridiron_full_game\\src\\sim\\Simulator.ts": {"lines":{"total":3,"covered":0,"skipped":0,"pct":0},"functions":{"total":1,"covered":1,"skipped":0,"pct":100},"statements":{"total":3,"covered":0,"skipped":0,"pct":0},"branches":{"total":1,"covered":1,"skipped":0,"pct":100}}
,"C:\\Gridiron-TS\\Gridiron\\gridiron_full_game\\src\\sim\\Validation.ts": {"lines":{"total":56,"covered":0,"skipped":0,"pct":0},"functions":{"total":1,"covered":1,"skipped":0,"pct":100},"statements":{"total":56,"covered":0,"skipped":0,"pct":0},"branches":{"total":1,"covered":1,"skipped":0,"pct":100}}
,"C:\\Gridiron-TS\\Gridiron\\gridiron_full_game\\src\\sim\\golden.ts": {"lines":{"total":20,"covered":0,"skipped":0,"pct":0},"functions":{"total":1,"covered":1,"skipped":0,"pct":100},"statements":{"total":20,"covered":0,"skipped":0,"pct":0},"branches":{"total":1,"covered":1,"skipped":0,"pct":100}}
,"C:\\Gridiron-TS\\Gridiron\\gridiron_full_game\\src\\sim\\balance\\GuardrailChecker.ts": {"lines":{"total":296,"covered":183,"skipped":0,"pct":61.82},"functions":{"total":11,"covered":9,"skipped":0,"pct":81.81},"statements":{"total":296,"covered":183,"skipped":0,"pct":61.82},"branches":{"total":37,"covered":25,"skipped":0,"pct":67.56}}
,"C:\\Gridiron-TS\\Gridiron\\gridiron_full_game\\src\\sim\\balance\\Guardrails.ts": {"lines":{"total":139,"covered":139,"skipped":0,"pct":100},"functions":{"total":0,"covered":0,"skipped":0,"pct":100},"statements":{"total":139,"covered":139,"skipped":0,"pct":100},"branches":{"total":0,"covered":0,"skipped":0,"pct":100}}
,"C:\\Gridiron-TS\\Gridiron\\gridiron_full_game\\src\\sim\\balance\\OutlierDetector.ts": {"lines":{"total":290,"covered":0,"skipped":0,"pct":0},"functions":{"total":1,"covered":1,"skipped":0,"pct":100},"statements":{"total":290,"covered":0,"skipped":0,"pct":0},"branches":{"total":1,"covered":1,"skipped":0,"pct":100}}
,"C:\\Gridiron-TS\\Gridiron\\gridiron_full_game\\src\\sim\\balance\\ReportGenerator.ts": {"lines":{"total":304,"covered":0,"skipped":0,"pct":0},"functions":{"total":1,"covered":1,"skipped":0,"pct":100},"statements":{"total":304,"covered":0,"skipped":0,"pct":0},"branches":{"total":1,"covered":1,"skipped":0,"pct":100}}
,"C:\\Gridiron-TS\\Gridiron\\gridiron_full_game\\src\\sim\\balance\\SimulationRunner.ts": {"lines":{"total":179,"covered":144,"skipped":0,"pct":80.44},"functions":{"total":9,"covered":9,"skipped":0,"pct":100},"statements":{"total":179,"covered":144,"skipped":0,"pct":80.44},"branches":{"total":29,"covered":22,"skipped":0,"pct":75.86}}
,"C:\\Gridiron-TS\\Gridiron\\gridiron_full_game\\src\\sim\\balance\\StatisticalAnalyzer.ts": {"lines":{"total":270,"covered":251,"skipped":0,"pct":92.96},"functions":{"total":15,"covered":15,"skipped":0,"pct":100},"statements":{"total":270,"covered":251,"skipped":0,"pct":92.96},"branches":{"total":79,"covered":66,"skipped":0,"pct":83.54}}
,"C:\\Gridiron-TS\\Gridiron\\gridiron_full_game\\src\\sim\\engine\\headless.ts": {"lines":{"total":107,"covered":0,"skipped":0,"pct":0},"functions":{"total":1,"covered":0,"skipped":0,"pct":0},"statements":{"total":107,"covered":0,"skipped":0,"pct":0},"branches":{"total":1,"covered":0,"skipped":0,"pct":0}}
,"C:\\Gridiron-TS\\Gridiron\\gridiron_full_game\\src\\sim\\run\\batch.ts": {"lines":{"total":9,"covered":0,"skipped":0,"pct":0},"functions":{"total":1,"covered":0,"skipped":0,"pct":0},"statements":{"total":9,"covered":0,"skipped":0,"pct":0},"branches":{"total":1,"covered":0,"skipped":0,"pct":0}}
,"C:\\Gridiron-TS\\Gridiron\\gridiron_full_game\\src\\sim\\run\\single.ts": {"lines":{"total":74,"covered":0,"skipped":0,"pct":0},"functions":{"total":1,"covered":0,"skipped":0,"pct":0},"statements":{"total":74,"covered":0,"skipped":0,"pct":0},"branches":{"total":1,"covered":0,"skipped":0,"pct":0}}
,"C:\\Gridiron-TS\\Gridiron\\gridiron_full_game\\src\\sim\\validation\\assemble.ts": {"lines":{"total":76,"covered":0,"skipped":0,"pct":0},"functions":{"total":1,"covered":0,"skipped":0,"pct":0},"statements":{"total":76,"covered":0,"skipped":0,"pct":0},"branches":{"total":1,"covered":0,"skipped":0,"pct":0}}
,"C:\\Gridiron-TS\\Gridiron\\gridiron_full_game\\src\\utils\\Assertions.ts": {"lines":{"total":3,"covered":0,"skipped":0,"pct":0},"functions":{"total":1,"covered":0,"skipped":0,"pct":0},"statements":{"total":3,"covered":0,"skipped":0,"pct":0},"branches":{"total":1,"covered":0,"skipped":0,"pct":0}}
,"C:\\Gridiron-TS\\Gridiron\\gridiron_full_game\\src\\utils\\EventBus.ts": {"lines":{"total":25,"covered":14,"skipped":0,"pct":56},"functions":{"total":4,"covered":3,"skipped":0,"pct":75},"statements":{"total":25,"covered":14,"skipped":0,"pct":56},"branches":{"total":4,"covered":3,"skipped":0,"pct":75}}
}
