{"total": {"lines":{"total":6742,"covered":4728,"skipped":0,"pct":70.12},"statements":{"total":6742,"covered":4728,"skipped":0,"pct":70.12},"functions":{"total":378,"covered":323,"skipped":0,"pct":85.44},"branches":{"total":2082,"covered":1781,"skipped":0,"pct":85.54},"branchesTrue":{"total":0,"covered":0,"skipped":0,"pct":100}}
,"C:\\Gridiron-TS\\Gridiron\\gridiron_full_game\\src\\ai\\CoachProfiles.ts": {"lines":{"total":53,"covered":53,"skipped":0,"pct":100},"functions":{"total":0,"covered":0,"skipped":0,"pct":100},"statements":{"total":53,"covered":53,"skipped":0,"pct":100},"branches":{"total":0,"covered":0,"skipped":0,"pct":100}}
,"C:\\Gridiron-TS\\Gridiron\\gridiron_full_game\\src\\ai\\OpponentModel.ts": {"lines":{"total":144,"covered":7,"skipped":0,"pct":4.86},"functions":{"total":9,"covered":0,"skipped":0,"pct":0},"statements":{"total":144,"covered":7,"skipped":0,"pct":4.86},"branches":{"total":1,"covered":0,"skipped":0,"pct":0}}
,"C:\\Gridiron-TS\\Gridiron\\gridiron_full_game\\src\\ai\\PATDecision.ts": {"lines":{"total":14,"covered":14,"skipped":0,"pct":100},"functions":{"total":2,"covered":2,"skipped":0,"pct":100},"statements":{"total":14,"covered":14,"skipped":0,"pct":100},"branches":{"total":13,"covered":13,"skipped":0,"pct":100}}
,"C:\\Gridiron-TS\\Gridiron\\gridiron_full_game\\src\\ai\\PlayCaller.ts": {"lines":{"total":226,"covered":3,"skipped":0,"pct":1.32},"functions":{"total":5,"covered":0,"skipped":0,"pct":0},"statements":{"total":226,"covered":3,"skipped":0,"pct":1.32},"branches":{"total":1,"covered":0,"skipped":0,"pct":0}}
,"C:\\Gridiron-TS\\Gridiron\\gridiron_full_game\\src\\ai\\Playcall.ts": {"lines":{"total":5,"covered":5,"skipped":0,"pct":100},"functions":{"total":0,"covered":0,"skipped":0,"pct":100},"statements":{"total":5,"covered":5,"skipped":0,"pct":100},"branches":{"total":0,"covered":0,"skipped":0,"pct":100}}
,"C:\\Gridiron-TS\\Gridiron\\gridiron_full_game\\src\\ai\\index.ts": {"lines":{"total":9,"covered":0,"skipped":0,"pct":0},"functions":{"total":1,"covered":1,"skipped":0,"pct":100},"statements":{"total":9,"covered":0,"skipped":0,"pct":0},"branches":{"total":1,"covered":1,"skipped":0,"pct":100}}
,"C:\\Gridiron-TS\\Gridiron\\gridiron_full_game\\src\\ai\\types.ts": {"lines":{"total":0,"covered":0,"skipped":0,"pct":0},"functions":{"total":1,"covered":1,"skipped":0,"pct":0},"statements":{"total":0,"covered":0,"skipped":0,"pct":0},"branches":{"total":1,"covered":1,"skipped":0,"pct":0}}
,"C:\\Gridiron-TS\\Gridiron\\gridiron_full_game\\src\\ai\\decisions\\defense.ts": {"lines":{"total":73,"covered":51,"skipped":0,"pct":69.86},"functions":{"total":1,"covered":1,"skipped":0,"pct":100},"statements":{"total":73,"covered":51,"skipped":0,"pct":69.86},"branches":{"total":48,"covered":40,"skipped":0,"pct":83.33}}
,"C:\\Gridiron-TS\\Gridiron\\gridiron_full_game\\src\\ai\\decisions\\fourthDown.ts": {"lines":{"total":72,"covered":38,"skipped":0,"pct":52.77},"functions":{"total":2,"covered":2,"skipped":0,"pct":100},"statements":{"total":72,"covered":38,"skipped":0,"pct":52.77},"branches":{"total":34,"covered":28,"skipped":0,"pct":82.35}}
,"C:\\Gridiron-TS\\Gridiron\\gridiron_full_game\\src\\ai\\decisions\\kickoff.ts": {"lines":{"total":14,"covered":14,"skipped":0,"pct":100},"functions":{"total":1,"covered":1,"skipped":0,"pct":100},"statements":{"total":14,"covered":14,"skipped":0,"pct":100},"branches":{"total":12,"covered":8,"skipped":0,"pct":66.66}}
,"C:\\Gridiron-TS\\Gridiron\\gridiron_full_game\\src\\ai\\decisions\\offense.ts": {"lines":{"total":76,"covered":71,"skipped":0,"pct":93.42},"functions":{"total":2,"covered":2,"skipped":0,"pct":100},"statements":{"total":76,"covered":71,"skipped":0,"pct":93.42},"branches":{"total":50,"covered":39,"skipped":0,"pct":78}}
,"C:\\Gridiron-TS\\Gridiron\\gridiron_full_game\\src\\ai\\decisions\\shared.ts": {"lines":{"total":166,"covered":142,"skipped":0,"pct":85.54},"functions":{"total":13,"covered":13,"skipped":0,"pct":100},"statements":{"total":166,"covered":142,"skipped":0,"pct":85.54},"branches":{"total":121,"covered":107,"skipped":0,"pct":88.42}}
,"C:\\Gridiron-TS\\Gridiron\\gridiron_full_game\\src\\ai\\dice\\DecisionValidator.ts": {"lines":{"total":312,"covered":0,"skipped":0,"pct":0},"functions":{"total":1,"covered":1,"skipped":0,"pct":100},"statements":{"total":312,"covered":0,"skipped":0,"pct":0},"branches":{"total":1,"covered":1,"skipped":0,"pct":100}}
,"C:\\Gridiron-TS\\Gridiron\\gridiron_full_game\\src\\ai\\dice\\EVCalculator.ts": {"lines":{"total":178,"covered":111,"skipped":0,"pct":62.35},"functions":{"total":12,"covered":11,"skipped":0,"pct":91.66},"statements":{"total":178,"covered":111,"skipped":0,"pct":62.35},"branches":{"total":48,"covered":37,"skipped":0,"pct":77.08}}
,"C:\\Gridiron-TS\\Gridiron\\gridiron_full_game\\src\\ai\\dice\\PenaltyAdvisor.ts": {"lines":{"total":104,"covered":103,"skipped":0,"pct":99.03},"functions":{"total":10,"covered":10,"skipped":0,"pct":100},"statements":{"total":104,"covered":103,"skipped":0,"pct":99.03},"branches":{"total":50,"covered":40,"skipped":0,"pct":80}}
,"C:\\Gridiron-TS\\Gridiron\\gridiron_full_game\\src\\ai\\dice\\PlaybookCoach.ts": {"lines":{"total":323,"covered":0,"skipped":0,"pct":0},"functions":{"total":1,"covered":1,"skipped":0,"pct":100},"statements":{"total":323,"covered":0,"skipped":0,"pct":0},"branches":{"total":1,"covered":1,"skipped":0,"pct":100}}
,"C:\\Gridiron-TS\\Gridiron\\gridiron_full_game\\src\\ai\\dice\\TendencyTracker.ts": {"lines":{"total":227,"covered":188,"skipped":0,"pct":82.81},"functions":{"total":17,"covered":15,"skipped":0,"pct":88.23},"statements":{"total":227,"covered":188,"skipped":0,"pct":82.81},"branches":{"total":54,"covered":46,"skipped":0,"pct":85.18}}
,"C:\\Gridiron-TS\\Gridiron\\gridiron_full_game\\src\\ai\\policy\\NFL2025Policy.ts": {"lines":{"total":138,"covered":121,"skipped":0,"pct":87.68},"functions":{"total":8,"covered":6,"skipped":0,"pct":75},"statements":{"total":138,"covered":121,"skipped":0,"pct":87.68},"branches":{"total":119,"covered":106,"skipped":0,"pct":89.07}}
,"C:\\Gridiron-TS\\Gridiron\\gridiron_full_game\\src\\ai\\tendencies\\PlayerTendenciesMemory.ts": {"lines":{"total":41,"covered":1,"skipped":0,"pct":2.43},"functions":{"total":5,"covered":0,"skipped":0,"pct":0},"statements":{"total":41,"covered":1,"skipped":0,"pct":2.43},"branches":{"total":1,"covered":0,"skipped":0,"pct":0}}
,"C:\\Gridiron-TS\\Gridiron\\gridiron_full_game\\src\\data\\loaders\\JsonLoader.ts": {"lines":{"total":9,"covered":0,"skipped":0,"pct":0},"functions":{"total":1,"covered":0,"skipped":0,"pct":0},"statements":{"total":9,"covered":0,"skipped":0,"pct":0},"branches":{"total":1,"covered":0,"skipped":0,"pct":0}}
,"C:\\Gridiron-TS\\Gridiron\\gridiron_full_game\\src\\data\\loaders\\Result.ts": {"lines":{"total":0,"covered":0,"skipped":0,"pct":0},"functions":{"total":1,"covered":1,"skipped":0,"pct":0},"statements":{"total":0,"covered":0,"skipped":0,"pct":0},"branches":{"total":1,"covered":1,"skipped":0,"pct":0}}
,"C:\\Gridiron-TS\\Gridiron\\gridiron_full_game\\src\\data\\loaders\\compat.ts": {"lines":{"total":36,"covered":20,"skipped":0,"pct":55.55},"functions":{"total":8,"covered":4,"skipped":0,"pct":50},"statements":{"total":36,"covered":20,"skipped":0,"pct":55.55},"branches":{"total":8,"covered":4,"skipped":0,"pct":50}}
,"C:\\Gridiron-TS\\Gridiron\\gridiron_full_game\\src\\data\\loaders\\http.ts": {"lines":{"total":22,"covered":22,"skipped":0,"pct":100},"functions":{"total":5,"covered":5,"skipped":0,"pct":100},"statements":{"total":22,"covered":22,"skipped":0,"pct":100},"branches":{"total":13,"covered":12,"skipped":0,"pct":92.3}}
,"C:\\Gridiron-TS\\Gridiron\\gridiron_full_game\\src\\data\\loaders\\longGain.ts": {"lines":{"total":16,"covered":14,"skipped":0,"pct":87.5},"functions":{"total":1,"covered":1,"skipped":0,"pct":100},"statements":{"total":16,"covered":14,"skipped":0,"pct":87.5},"branches":{"total":7,"covered":6,"skipped":0,"pct":85.71}}
,"C:\\Gridiron-TS\\Gridiron\\gridiron_full_game\\src\\data\\loaders\\matchupTables.ts": {"lines":{"total":25,"covered":23,"skipped":0,"pct":92},"functions":{"total":2,"covered":2,"skipped":0,"pct":100},"statements":{"total":25,"covered":23,"skipped":0,"pct":92},"branches":{"total":9,"covered":8,"skipped":0,"pct":88.88}}
,"C:\\Gridiron-TS\\Gridiron\\gridiron_full_game\\src\\data\\loaders\\offenseCharts.ts": {"lines":{"total":16,"covered":14,"skipped":0,"pct":87.5},"functions":{"total":1,"covered":1,"skipped":0,"pct":100},"statements":{"total":16,"covered":14,"skipped":0,"pct":87.5},"branches":{"total":10,"covered":9,"skipped":0,"pct":90}}
,"C:\\Gridiron-TS\\Gridiron\\gridiron_full_game\\src\\data\\loaders\\penaltyTables.ts": {"lines":{"total":24,"covered":22,"skipped":0,"pct":91.66},"functions":{"total":2,"covered":2,"skipped":0,"pct":100},"statements":{"total":24,"covered":22,"skipped":0,"pct":91.66},"branches":{"total":8,"covered":6,"skipped":0,"pct":75}}
,"C:\\Gridiron-TS\\Gridiron\\gridiron_full_game\\src\\data\\loaders\\placeKicking.ts": {"lines":{"total":17,"covered":17,"skipped":0,"pct":100},"functions":{"total":1,"covered":1,"skipped":0,"pct":100},"statements":{"total":17,"covered":17,"skipped":0,"pct":100},"branches":{"total":9,"covered":9,"skipped":0,"pct":100}}
,"C:\\Gridiron-TS\\Gridiron\\gridiron_full_game\\src\\data\\loaders\\tables.ts": {"lines":{"total":8,"covered":8,"skipped":0,"pct":100},"functions":{"total":0,"covered":0,"skipped":0,"pct":100},"statements":{"total":8,"covered":8,"skipped":0,"pct":100},"branches":{"total":0,"covered":0,"skipped":0,"pct":100}}
,"C:\\Gridiron-TS\\Gridiron\\gridiron_full_game\\src\\data\\loaders\\timeKeeping.ts": {"lines":{"total":17,"covered":17,"skipped":0,"pct":100},"functions":{"total":1,"covered":1,"skipped":0,"pct":100},"statements":{"total":17,"covered":17,"skipped":0,"pct":100},"branches":{"total":9,"covered":9,"skipped":0,"pct":100}}
,"C:\\Gridiron-TS\\Gridiron\\gridiron_full_game\\src\\data\\schemas\\MatchupTable.ts": {"lines":{"total":153,"covered":147,"skipped":0,"pct":96.07},"functions":{"total":1,"covered":1,"skipped":0,"pct":100},"statements":{"total":153,"covered":147,"skipped":0,"pct":96.07},"branches":{"total":7,"covered":4,"skipped":0,"pct":57.14}}
,"C:\\Gridiron-TS\\Gridiron\\gridiron_full_game\\src\\data\\schemas\\OffenseCharts.ts": {"lines":{"total":11,"covered":11,"skipped":0,"pct":100},"functions":{"total":0,"covered":0,"skipped":0,"pct":100},"statements":{"total":11,"covered":11,"skipped":0,"pct":100},"branches":{"total":0,"covered":0,"skipped":0,"pct":100}}
,"C:\\Gridiron-TS\\Gridiron\\gridiron_full_game\\src\\data\\schemas\\PlaceKicking.ts": {"lines":{"total":10,"covered":10,"skipped":0,"pct":100},"functions":{"total":0,"covered":0,"skipped":0,"pct":100},"statements":{"total":10,"covered":10,"skipped":0,"pct":100},"branches":{"total":0,"covered":0,"skipped":0,"pct":100}}
,"C:\\Gridiron-TS\\Gridiron\\gridiron_full_game\\src\\data\\schemas\\Timekeeping.ts": {"lines":{"total":25,"covered":25,"skipped":0,"pct":100},"functions":{"total":0,"covered":0,"skipped":0,"pct":100},"statements":{"total":25,"covered":25,"skipped":0,"pct":100},"branches":{"total":0,"covered":0,"skipped":0,"pct":100}}
,"C:\\Gridiron-TS\\Gridiron\\gridiron_full_game\\src\\data\\schemas\\validators.ts": {"lines":{"total":67,"covered":45,"skipped":0,"pct":67.16},"functions":{"total":3,"covered":2,"skipped":0,"pct":66.66},"statements":{"total":67,"covered":45,"skipped":0,"pct":67.16},"branches":{"total":18,"covered":10,"skipped":0,"pct":55.55}}
,"C:\\Gridiron-TS\\Gridiron\\gridiron_full_game\\src\\deck\\Dealer.ts": {"lines":{"total":77,"covered":52,"skipped":0,"pct":67.53},"functions":{"total":6,"covered":5,"skipped":0,"pct":83.33},"statements":{"total":77,"covered":52,"skipped":0,"pct":67.53},"branches":{"total":13,"covered":8,"skipped":0,"pct":61.53}}
,"C:\\Gridiron-TS\\Gridiron\\gridiron_full_game\\src\\deck\\HandBus.ts": {"lines":{"total":7,"covered":7,"skipped":0,"pct":100},"functions":{"total":1,"covered":1,"skipped":0,"pct":100},"statements":{"total":7,"covered":7,"skipped":0,"pct":100},"branches":{"total":2,"covered":2,"skipped":0,"pct":100}}
,"C:\\Gridiron-TS\\Gridiron\\gridiron_full_game\\src\\domain\\GameState.ts": {"lines":{"total":14,"covered":14,"skipped":0,"pct":100},"functions":{"total":1,"covered":1,"skipped":0,"pct":100},"statements":{"total":14,"covered":14,"skipped":0,"pct":100},"branches":{"total":1,"covered":1,"skipped":0,"pct":100}}
,"C:\\Gridiron-TS\\Gridiron\\gridiron_full_game\\src\\flow\\GameFlow.ts": {"lines":{"total":25,"covered":19,"skipped":0,"pct":76},"functions":{"total":8,"covered":5,"skipped":0,"pct":62.5},"statements":{"total":25,"covered":19,"skipped":0,"pct":76},"branches":{"total":5,"covered":5,"skipped":0,"pct":100}}
,"C:\\Gridiron-TS\\Gridiron\\gridiron_full_game\\src\\flow\\HudPayload.ts": {"lines":{"total":11,"covered":11,"skipped":0,"pct":100},"functions":{"total":1,"covered":1,"skipped":0,"pct":100},"statements":{"total":11,"covered":11,"skipped":0,"pct":100},"branches":{"total":1,"covered":1,"skipped":0,"pct":100}}
,"C:\\Gridiron-TS\\Gridiron\\gridiron_full_game\\src\\flow\\types.ts": {"lines":{"total":0,"covered":0,"skipped":0,"pct":0},"functions":{"total":1,"covered":1,"skipped":0,"pct":0},"statements":{"total":0,"covered":0,"skipped":0,"pct":0},"branches":{"total":1,"covered":1,"skipped":0,"pct":0}}
,"C:\\Gridiron-TS\\Gridiron\\gridiron_full_game\\src\\flow\\core\\GameFlowCore.ts": {"lines":{"total":310,"covered":298,"skipped":0,"pct":96.12},"functions":{"total":54,"covered":51,"skipped":0,"pct":94.44},"statements":{"total":310,"covered":298,"skipped":0,"pct":96.12},"branches":{"total":154,"covered":140,"skipped":0,"pct":90.9}}
,"C:\\Gridiron-TS\\Gridiron\\gridiron_full_game\\src\\flow\\drive\\DriveTracker.ts": {"lines":{"total":102,"covered":87,"skipped":0,"pct":85.29},"functions":{"total":11,"covered":11,"skipped":0,"pct":100},"statements":{"total":102,"covered":87,"skipped":0,"pct":85.29},"branches":{"total":56,"covered":40,"skipped":0,"pct":71.42}}
,"C:\\Gridiron-TS\\Gridiron\\gridiron_full_game\\src\\flow\\formatting\\GameFlowFormatting.ts": {"lines":{"total":30,"covered":28,"skipped":0,"pct":93.33},"functions":{"total":6,"covered":5,"skipped":0,"pct":83.33},"statements":{"total":30,"covered":28,"skipped":0,"pct":93.33},"branches":{"total":31,"covered":31,"skipped":0,"pct":100}}
,"C:\\Gridiron-TS\\Gridiron\\gridiron_full_game\\src\\flow\\narration\\Broadcast.ts": {"lines":{"total":137,"covered":120,"skipped":0,"pct":87.59},"functions":{"total":3,"covered":2,"skipped":0,"pct":66.66},"statements":{"total":137,"covered":120,"skipped":0,"pct":87.59},"branches":{"total":133,"covered":123,"skipped":0,"pct":92.48}}
,"C:\\Gridiron-TS\\Gridiron\\gridiron_full_game\\src\\flow\\narration\\Summary.ts": {"lines":{"total":147,"covered":136,"skipped":0,"pct":92.51},"functions":{"total":5,"covered":5,"skipped":0,"pct":100},"statements":{"total":147,"covered":136,"skipped":0,"pct":92.51},"branches":{"total":150,"covered":138,"skipped":0,"pct":92}}
,"C:\\Gridiron-TS\\Gridiron\\gridiron_full_game\\src\\flow\\penalties\\PenaltyFlow.ts": {"lines":{"total":44,"covered":44,"skipped":0,"pct":100},"functions":{"total":1,"covered":1,"skipped":0,"pct":100},"statements":{"total":44,"covered":44,"skipped":0,"pct":100},"branches":{"total":13,"covered":11,"skipped":0,"pct":84.61}}
,"C:\\Gridiron-TS\\Gridiron\\gridiron_full_game\\src\\flow\\scoring\\Scoring.ts": {"lines":{"total":76,"covered":76,"skipped":0,"pct":100},"functions":{"total":2,"covered":2,"skipped":0,"pct":100},"statements":{"total":76,"covered":76,"skipped":0,"pct":100},"branches":{"total":33,"covered":33,"skipped":0,"pct":100}}
,"C:\\Gridiron-TS\\Gridiron\\gridiron_full_game\\src\\flow\\special\\Safety.ts": {"lines":{"total":32,"covered":24,"skipped":0,"pct":75},"functions":{"total":1,"covered":1,"skipped":0,"pct":100},"statements":{"total":32,"covered":24,"skipped":0,"pct":75},"branches":{"total":10,"covered":9,"skipped":0,"pct":90}}
,"C:\\Gridiron-TS\\Gridiron\\gridiron_full_game\\src\\flow\\special\\SpecialTeamsFlow.ts": {"lines":{"total":93,"covered":63,"skipped":0,"pct":67.74},"functions":{"total":3,"covered":2,"skipped":0,"pct":66.66},"statements":{"total":93,"covered":63,"skipped":0,"pct":67.74},"branches":{"total":29,"covered":28,"skipped":0,"pct":96.55}}
,"C:\\Gridiron-TS\\Gridiron\\gridiron_full_game\\src\\flow\\time\\TimeManagement.ts": {"lines":{"total":67,"covered":65,"skipped":0,"pct":97.01},"functions":{"total":3,"covered":3,"skipped":0,"pct":100},"statements":{"total":67,"covered":65,"skipped":0,"pct":97.01},"branches":{"total":38,"covered":36,"skipped":0,"pct":94.73}}
,"C:\\Gridiron-TS\\Gridiron\\gridiron_full_game\\src\\flow\\utils\\GameFlowUtils.ts": {"lines":{"total":40,"covered":32,"skipped":0,"pct":80},"functions":{"total":10,"covered":7,"skipped":0,"pct":70},"statements":{"total":40,"covered":32,"skipped":0,"pct":80},"branches":{"total":21,"covered":20,"skipped":0,"pct":95.23}}
,"C:\\Gridiron-TS\\Gridiron\\gridiron_full_game\\src\\rules\\Charts.ts": {"lines":{"total":78,"covered":64,"skipped":0,"pct":82.05},"functions":{"total":3,"covered":3,"skipped":0,"pct":100},"statements":{"total":78,"covered":64,"skipped":0,"pct":82.05},"branches":{"total":15,"covered":7,"skipped":0,"pct":46.66}}
,"C:\\Gridiron-TS\\Gridiron\\gridiron_full_game\\src\\rules\\DiceOutcome.ts": {"lines":{"total":35,"covered":34,"skipped":0,"pct":97.14},"functions":{"total":6,"covered":6,"skipped":0,"pct":100},"statements":{"total":35,"covered":34,"skipped":0,"pct":97.14},"branches":{"total":12,"covered":11,"skipped":0,"pct":91.66}}
,"C:\\Gridiron-TS\\Gridiron\\gridiron_full_game\\src\\rules\\LongGain.ts": {"lines":{"total":39,"covered":38,"skipped":0,"pct":97.43},"functions":{"total":3,"covered":3,"skipped":0,"pct":100},"statements":{"total":39,"covered":38,"skipped":0,"pct":97.43},"branches":{"total":12,"covered":8,"skipped":0,"pct":66.66}}
,"C:\\Gridiron-TS\\Gridiron\\gridiron_full_game\\src\\rules\\Penalties.ts": {"lines":{"total":8,"covered":8,"skipped":0,"pct":100},"functions":{"total":1,"covered":1,"skipped":0,"pct":100},"statements":{"total":8,"covered":8,"skipped":0,"pct":100},"branches":{"total":4,"covered":2,"skipped":0,"pct":50}}
,"C:\\Gridiron-TS\\Gridiron\\gridiron_full_game\\src\\rules\\PenaltyAdmin.ts": {"lines":{"total":97,"covered":97,"skipped":0,"pct":100},"functions":{"total":13,"covered":13,"skipped":0,"pct":100},"statements":{"total":97,"covered":97,"skipped":0,"pct":100},"branches":{"total":55,"covered":54,"skipped":0,"pct":98.18}}
,"C:\\Gridiron-TS\\Gridiron\\gridiron_full_game\\src\\rules\\PenaltyResolver.ts": {"lines":{"total":70,"covered":68,"skipped":0,"pct":97.14},"functions":{"total":2,"covered":2,"skipped":0,"pct":100},"statements":{"total":70,"covered":68,"skipped":0,"pct":97.14},"branches":{"total":20,"covered":13,"skipped":0,"pct":65}}
,"C:\\Gridiron-TS\\Gridiron\\gridiron_full_game\\src\\rules\\PlayValidation.ts": {"lines":{"total":44,"covered":38,"skipped":0,"pct":86.36},"functions":{"total":4,"covered":3,"skipped":0,"pct":75},"statements":{"total":44,"covered":38,"skipped":0,"pct":86.36},"branches":{"total":10,"covered":8,"skipped":0,"pct":80}}
,"C:\\Gridiron-TS\\Gridiron\\gridiron_full_game\\src\\rules\\ResolvePlay.ts": {"lines":{"total":3,"covered":0,"skipped":0,"pct":0},"functions":{"total":1,"covered":1,"skipped":0,"pct":100},"statements":{"total":3,"covered":0,"skipped":0,"pct":0},"branches":{"total":1,"covered":1,"skipped":0,"pct":100}}
,"C:\\Gridiron-TS\\Gridiron\\gridiron_full_game\\src\\rules\\ResolvePlayCore.ts": {"lines":{"total":171,"covered":113,"skipped":0,"pct":66.08},"functions":{"total":3,"covered":3,"skipped":0,"pct":100},"statements":{"total":171,"covered":113,"skipped":0,"pct":66.08},"branches":{"total":51,"covered":48,"skipped":0,"pct":94.11}}
,"C:\\Gridiron-TS\\Gridiron\\gridiron_full_game\\src\\rules\\ResolveSnap.ts": {"lines":{"total":168,"covered":129,"skipped":0,"pct":76.78},"functions":{"total":6,"covered":4,"skipped":0,"pct":66.66},"statements":{"total":168,"covered":129,"skipped":0,"pct":76.78},"branches":{"total":44,"covered":28,"skipped":0,"pct":63.63}}
,"C:\\Gridiron-TS\\Gridiron\\gridiron_full_game\\src\\rules\\ResultParsing.ts": {"lines":{"total":92,"covered":82,"skipped":0,"pct":89.13},"functions":{"total":3,"covered":3,"skipped":0,"pct":100},"statements":{"total":92,"covered":82,"skipped":0,"pct":89.13},"branches":{"total":38,"covered":33,"skipped":0,"pct":86.84}}
,"C:\\Gridiron-TS\\Gridiron\\gridiron_full_game\\src\\rules\\Spots.ts": {"lines":{"total":30,"covered":30,"skipped":0,"pct":100},"functions":{"total":8,"covered":8,"skipped":0,"pct":100},"statements":{"total":30,"covered":30,"skipped":0,"pct":100},"branches":{"total":19,"covered":19,"skipped":0,"pct":100}}
,"C:\\Gridiron-TS\\Gridiron\\gridiron_full_game\\src\\rules\\Timekeeping.ts": {"lines":{"total":12,"covered":12,"skipped":0,"pct":100},"functions":{"total":1,"covered":1,"skipped":0,"pct":100},"statements":{"total":12,"covered":12,"skipped":0,"pct":100},"branches":{"total":5,"covered":5,"skipped":0,"pct":100}}
,"C:\\Gridiron-TS\\Gridiron\\gridiron_full_game\\src\\rules\\index.ts": {"lines":{"total":3,"covered":0,"skipped":0,"pct":0},"functions":{"total":1,"covered":1,"skipped":0,"pct":100},"statements":{"total":3,"covered":0,"skipped":0,"pct":0},"branches":{"total":1,"covered":1,"skipped":0,"pct":100}}
,"C:\\Gridiron-TS\\Gridiron\\gridiron_full_game\\src\\rules\\special\\Kickoff.ts": {"lines":{"total":60,"covered":60,"skipped":0,"pct":100},"functions":{"total":2,"covered":2,"skipped":0,"pct":100},"statements":{"total":60,"covered":60,"skipped":0,"pct":100},"branches":{"total":26,"covered":25,"skipped":0,"pct":96.15}}
,"C:\\Gridiron-TS\\Gridiron\\gridiron_full_game\\src\\rules\\special\\PlaceKicking.ts": {"lines":{"total":33,"covered":33,"skipped":0,"pct":100},"functions":{"total":3,"covered":3,"skipped":0,"pct":100},"statements":{"total":33,"covered":33,"skipped":0,"pct":100},"branches":{"total":18,"covered":15,"skipped":0,"pct":83.33}}
,"C:\\Gridiron-TS\\Gridiron\\gridiron_full_game\\src\\rules\\special\\Punt.ts": {"lines":{"total":50,"covered":48,"skipped":0,"pct":96},"functions":{"total":2,"covered":2,"skipped":0,"pct":100},"statements":{"total":50,"covered":48,"skipped":0,"pct":96},"branches":{"total":23,"covered":12,"skipped":0,"pct":52.17}}
,"C:\\Gridiron-TS\\Gridiron\\gridiron_full_game\\src\\sim\\LogFormat.ts": {"lines":{"total":34,"covered":1,"skipped":0,"pct":2.94},"functions":{"total":2,"covered":0,"skipped":0,"pct":0},"statements":{"total":34,"covered":1,"skipped":0,"pct":2.94},"branches":{"total":0,"covered":0,"skipped":0,"pct":100}}
,"C:\\Gridiron-TS\\Gridiron\\gridiron_full_game\\src\\sim\\RNG.ts": {"lines":{"total":21,"covered":19,"skipped":0,"pct":90.47},"functions":{"total":5,"covered":4,"skipped":0,"pct":80},"statements":{"total":21,"covered":19,"skipped":0,"pct":90.47},"branches":{"total":5,"covered":4,"skipped":0,"pct":80}}
,"C:\\Gridiron-TS\\Gridiron\\gridiron_full_game\\src\\sim\\Simulator.ts": {"lines":{"total":3,"covered":3,"skipped":0,"pct":100},"functions":{"total":0,"covered":0,"skipped":0,"pct":100},"statements":{"total":3,"covered":3,"skipped":0,"pct":100},"branches":{"total":0,"covered":0,"skipped":0,"pct":100}}
,"C:\\Gridiron-TS\\Gridiron\\gridiron_full_game\\src\\sim\\Validation.ts": {"lines":{"total":56,"covered":0,"skipped":0,"pct":0},"functions":{"total":1,"covered":1,"skipped":0,"pct":100},"statements":{"total":56,"covered":0,"skipped":0,"pct":0},"branches":{"total":1,"covered":1,"skipped":0,"pct":100}}
,"C:\\Gridiron-TS\\Gridiron\\gridiron_full_game\\src\\sim\\golden.ts": {"lines":{"total":20,"covered":17,"skipped":0,"pct":85},"functions":{"total":1,"covered":1,"skipped":0,"pct":100},"statements":{"total":20,"covered":17,"skipped":0,"pct":85},"branches":{"total":5,"covered":3,"skipped":0,"pct":60}}
,"C:\\Gridiron-TS\\Gridiron\\gridiron_full_game\\src\\sim\\balance\\GuardrailChecker.ts": {"lines":{"total":296,"covered":283,"skipped":0,"pct":95.6},"functions":{"total":11,"covered":11,"skipped":0,"pct":100},"statements":{"total":296,"covered":283,"skipped":0,"pct":95.6},"branches":{"total":68,"covered":62,"skipped":0,"pct":91.17}}
,"C:\\Gridiron-TS\\Gridiron\\gridiron_full_game\\src\\sim\\balance\\Guardrails.ts": {"lines":{"total":139,"covered":139,"skipped":0,"pct":100},"functions":{"total":0,"covered":0,"skipped":0,"pct":100},"statements":{"total":139,"covered":139,"skipped":0,"pct":100},"branches":{"total":0,"covered":0,"skipped":0,"pct":100}}
,"C:\\Gridiron-TS\\Gridiron\\gridiron_full_game\\src\\sim\\balance\\OutlierDetector.ts": {"lines":{"total":290,"covered":256,"skipped":0,"pct":88.27},"functions":{"total":15,"covered":14,"skipped":0,"pct":93.33},"statements":{"total":290,"covered":256,"skipped":0,"pct":88.27},"branches":{"total":92,"covered":75,"skipped":0,"pct":81.52}}
,"C:\\Gridiron-TS\\Gridiron\\gridiron_full_game\\src\\sim\\balance\\ReportGenerator.ts": {"lines":{"total":304,"covered":267,"skipped":0,"pct":87.82},"functions":{"total":11,"covered":10,"skipped":0,"pct":90.9},"statements":{"total":304,"covered":267,"skipped":0,"pct":87.82},"branches":{"total":60,"covered":54,"skipped":0,"pct":90}}
,"C:\\Gridiron-TS\\Gridiron\\gridiron_full_game\\src\\sim\\balance\\SimulationRunner.ts": {"lines":{"total":179,"covered":153,"skipped":0,"pct":85.47},"functions":{"total":9,"covered":9,"skipped":0,"pct":100},"statements":{"total":179,"covered":153,"skipped":0,"pct":85.47},"branches":{"total":30,"covered":27,"skipped":0,"pct":90}}
,"C:\\Gridiron-TS\\Gridiron\\gridiron_full_game\\src\\sim\\balance\\StatisticalAnalyzer.ts": {"lines":{"total":270,"covered":254,"skipped":0,"pct":94.07},"functions":{"total":15,"covered":15,"skipped":0,"pct":100},"statements":{"total":270,"covered":254,"skipped":0,"pct":94.07},"branches":{"total":80,"covered":69,"skipped":0,"pct":86.25}}
,"C:\\Gridiron-TS\\Gridiron\\gridiron_full_game\\src\\sim\\engine\\headless.ts": {"lines":{"total":107,"covered":0,"skipped":0,"pct":0},"functions":{"total":1,"covered":0,"skipped":0,"pct":0},"statements":{"total":107,"covered":0,"skipped":0,"pct":0},"branches":{"total":1,"covered":0,"skipped":0,"pct":0}}
,"C:\\Gridiron-TS\\Gridiron\\gridiron_full_game\\src\\sim\\run\\batch.ts": {"lines":{"total":9,"covered":1,"skipped":0,"pct":11.11},"functions":{"total":1,"covered":0,"skipped":0,"pct":0},"statements":{"total":9,"covered":1,"skipped":0,"pct":11.11},"branches":{"total":0,"covered":0,"skipped":0,"pct":100}}
,"C:\\Gridiron-TS\\Gridiron\\gridiron_full_game\\src\\sim\\run\\single.ts": {"lines":{"total":74,"covered":62,"skipped":0,"pct":83.78},"functions":{"total":3,"covered":3,"skipped":0,"pct":100},"statements":{"total":74,"covered":62,"skipped":0,"pct":83.78},"branches":{"total":27,"covered":13,"skipped":0,"pct":48.14}}
,"C:\\Gridiron-TS\\Gridiron\\gridiron_full_game\\src\\sim\\validation\\assemble.ts": {"lines":{"total":76,"covered":6,"skipped":0,"pct":7.89},"functions":{"total":1,"covered":0,"skipped":0,"pct":0},"statements":{"total":76,"covered":6,"skipped":0,"pct":7.89},"branches":{"total":0,"covered":0,"skipped":0,"pct":100}}
,"C:\\Gridiron-TS\\Gridiron\\gridiron_full_game\\src\\utils\\Assertions.ts": {"lines":{"total":3,"covered":0,"skipped":0,"pct":0},"functions":{"total":1,"covered":0,"skipped":0,"pct":0},"statements":{"total":3,"covered":0,"skipped":0,"pct":0},"branches":{"total":1,"covered":0,"skipped":0,"pct":0}}
,"C:\\Gridiron-TS\\Gridiron\\gridiron_full_game\\src\\utils\\EventBus.ts": {"lines":{"total":25,"covered":20,"skipped":0,"pct":80},"functions":{"total":4,"covered":4,"skipped":0,"pct":100},"statements":{"total":25,"covered":20,"skipped":0,"pct":80},"branches":{"total":11,"covered":10,"skipped":0,"pct":90.9}}
}
